Arguments: 
  E:\Program Files\nodejs\node.exe D:\Users\Long\Dropbox\Projects\shopping list\.yarn\releases\yarn-1.22.5.cjs init

PATH: 
  C:\Users\Long\bin;C:\Program Files\Git\mingw64\bin;C:\Program Files\Git\usr\local\bin;C:\Program Files\Git\usr\bin;C:\Program Files\Git\usr\bin;C:\Program Files\Git\mingw64\bin;C:\Program Files\Git\usr\bin;C:\Users\Long\bin;C:\Python38\Scripts;C:\Python38;C:\Program Files (x86)\Razer Chroma SDK\bin;C:\Program Files\Razer Chroma SDK\bin;C:\Program Files (x86)\Razer\ChromaBroadcast\bin;C:\Program Files\Razer\ChromaBroadcast\bin;C:\Program Files (x86)\Common Files\Oracle\Java\javapath;C:\ProgramData\Oracle\Java\javapath;D:\Program Files (x86)\Python\Python36;C:\Windows\system32;C:\Windows;C:\Windows\System32\Wbem;C:\Windows\System32\WindowsPowerShell\v1.0;C:\Program Files (x86)\NVIDIA Corporation\PhysX\Common;C:\WINDOWS\system32;C:\WINDOWS;C:\WINDOWS\System32\Wbem;C:\WINDOWS\System32\WindowsPowerShell\v1.0;C:\Program Files (x86)\GtkSharp\2.12\bin;C:\WINDOWS\System32\OpenSSH;C:\Program Files\NVIDIA Corporation\NVIDIA NvDLISR;D:\Program Files\MiKTeX 2.9\miktex\bin\x64;C:\WINDOWS\system32;C:\WINDOWS;C:\WINDOWS\System32\Wbem;C:\WINDOWS\System32\WindowsPowerShell\v1.0;C:\WINDOWS\System32\OpenSSH;C:\WINDOWS\system32\config\systemprofile\AppData\Local\Microsoft\WindowsApps;C:\Program Files\Graphviz 2.44.1\bin\dot.exe;C:\Program Files\Git\cmd;E:\Program Files\nodejs;C:\ProgramData\chocolatey\bin;C:\Program Files\MySQL\MySQL Shell 8.0\bin;D:\Users\Long\AppData\Local\Programs\Python\Python38-32\Scripts;D:\Users\Long\AppData\Local\Programs\Python\Python38-32;C:\Users\Long\AppData\Local\Programs\Python\Python37-32\Scripts;C:\Users\Long\AppData\Local\Programs\Python\Python37-32;C:\Users\Long\AppData\Local\Microsoft\WindowsApps;D:\Program Files\JetBrains\CLion 2018.3.3\bin;D:\Program Files\JetBrains\PyCharm 2019.3.1\bin;D:\Program Files\JetBrains\IntelliJ IDEA 2018.3.5\bin;C:\Program Files\JetBrains\WebStorm 2019.2.2\bin;C:\Users\Long\AppData\Roaming\npm;E:\Program Files\Microsoft VS Code\bin;C:\Program Files\Git\usr\bin\vendor_perl;C:\Program Files\Git\usr\bin\core_perl

Yarn version: 
  1.22.5

Node version: 
  12.18.3

Platform: 
  win32 x64

Trace: 
  Error: Can't answer a question unless a user TTY
      at ConsoleReporter.question (D:\Users\Long\Dropbox\Projects\shopping list\.yarn\releases\yarn-1.22.5.cjs:104019:29)
      at Object.<anonymous> (D:\Users\Long\Dropbox\Projects\shopping list\.yarn\releases\yarn-1.22.5.cjs:97163:38)
      at Generator.next (<anonymous>)
      at step (D:\Users\Long\Dropbox\Projects\shopping list\.yarn\releases\yarn-1.22.5.cjs:310:30)
      at D:\Users\Long\Dropbox\Projects\shopping list\.yarn\releases\yarn-1.22.5.cjs:321:13
      at processTicksAndRejections (internal/process/task_queues.js:97:5)

npm manifest: 
  No manifest

yarn manifest: 
  No manifest

Lockfile: 
  No lockfile
